[2017-06-25 13:08:14] App\Exceptions\DbException: SQLSTATE[HY000] [1049] Unknown database 'php22' in C:\OPENSERVER\www\profit\php2\protected\Db.php:25
Stack trace:
#0 C:\OPENSERVER\www\profit\php2\protected\Models\Model.php(51): App\Db->__construct()
#1 C:\OPENSERVER\www\profit\php2\protected\Controllers\News.php(24): App\Models\Model::findLatest(3)
#2 C:\OPENSERVER\www\profit\php2\protected\Controller.php(43): App\Controllers\News->actionDefault()
#3 C:\OPENSERVER\www\profit\php2\public\index.php(46): App\Controller->action('Default')
#4 {main}
[2017-06-25 13:30:00] App\Exceptions\DbException: SQLSTATE[HY000] [1049] Unknown database 'php22' in C:\OPENSERVER\www\profit\php2\protected\Db.php:25
Stack trace:
#0 C:\OPENSERVER\www\profit\php2\protected\Models\Model.php(51): App\Db->__construct()
#1 C:\OPENSERVER\www\profit\php2\protected\Controllers\News.php(24): App\Models\Model::findLatest(3)
#2 C:\OPENSERVER\www\profit\php2\protected\Controller.php(43): App\Controllers\News->actionDefault()
#3 C:\OPENSERVER\www\profit\php2\public\index.php(46): App\Controller->action('Default')
#4 {main}
[2017-06-25 13:31:50] App\Exceptions\DbException: SQLSTATE[HY000] [1045] Access denied for user 'root1'@'localhost' (using password: NO) in C:\OPENSERVER\www\profit\php2\protected\Db.php:25
Stack trace:
#0 C:\OPENSERVER\www\profit\php2\protected\Models\Model.php(51): App\Db->__construct()
#1 C:\OPENSERVER\www\profit\php2\protected\Controllers\News.php(24): App\Models\Model::findLatest(3)
#2 C:\OPENSERVER\www\profit\php2\protected\Controller.php(43): App\Controllers\News->actionDefault()
#3 C:\OPENSERVER\www\profit\php2\public\index.php(46): App\Controller->action('Default')
#4 {main}
[2017-06-25 13:32:17] App\Exceptions\DbException: SQLSTATE[HY000] [1045] Access denied for user 'root'@'localhost' (using password: YES) in C:\OPENSERVER\www\profit\php2\protected\Db.php:25
Stack trace:
#0 C:\OPENSERVER\www\profit\php2\protected\Models\Model.php(51): App\Db->__construct()
#1 C:\OPENSERVER\www\profit\php2\protected\Controllers\News.php(24): App\Models\Model::findLatest(3)
#2 C:\OPENSERVER\www\profit\php2\protected\Controller.php(43): App\Controllers\News->actionDefault()
#3 C:\OPENSERVER\www\profit\php2\public\index.php(46): App\Controller->action('Default')
#4 {main}
[2017-06-25 13:35:40] App\Exceptions\NotFoundException: Новость не найдена! in C:\OPENSERVER\www\profit\php2\protected\Controllers\News.php:47
Stack trace:
#0 C:\OPENSERVER\www\profit\php2\protected\Controller.php(43): App\Controllers\News->actionOne()
#1 C:\OPENSERVER\www\profit\php2\public\index.php(46): App\Controller->action('One')
#2 {main}
[2017-06-25 13:37:52] App\Exceptions\NotFoundException: Новость не найдена! in C:\OPENSERVER\www\profit\php2\protected\Controllers\Admin\News.php:38
Stack trace:
#0 C:\OPENSERVER\www\profit\php2\protected\Controller.php(43): App\Controllers\Admin\News->actionOne()
#1 C:\OPENSERVER\www\profit\php2\public\index.php(46): App\Controller->action('One')
#2 {main}
[2017-06-25 13:39:12] App\Exceptions\NotFoundException: Новость не найдена! in C:\OPENSERVER\www\profit\php2\protected\Controllers\Admin\News.php:38
Stack trace:
#0 C:\OPENSERVER\www\profit\php2\protected\Controller.php(43): App\Controllers\Admin\News->actionOne()
#1 C:\OPENSERVER\www\profit\php2\public\index.php(46): App\Controller->action('One')
#2 {main}
[2017-06-25 13:39:56] App\Exceptions\NotFoundException: Новость не найдена! in C:\OPENSERVER\www\profit\php2\protected\Controllers\Admin\News.php:38
Stack trace:
#0 C:\OPENSERVER\www\profit\php2\protected\Controller.php(43): App\Controllers\Admin\News->actionOne()
#1 C:\OPENSERVER\www\profit\php2\public\index.php(46): App\Controller->action('One')
#2 {main}
[2017-06-25 13:40:14] App\Exceptions\NotFoundException: Новость не найдена! in C:\OPENSERVER\www\profit\php2\protected\Controllers\Admin\News.php:55
Stack trace:
#0 C:\OPENSERVER\www\profit\php2\protected\Controller.php(43): App\Controllers\Admin\News->actionEdit()
#1 C:\OPENSERVER\www\profit\php2\public\index.php(46): App\Controller->action('Edit')
#2 {main}
[2017-06-25 13:40:35] App\Exceptions\NotFoundException: Новость не найдена! in C:\OPENSERVER\www\profit\php2\protected\Controllers\Admin\News.php:104
Stack trace:
#0 C:\OPENSERVER\www\profit\php2\protected\Controller.php(43): App\Controllers\Admin\News->actionDelete()
#1 C:\OPENSERVER\www\profit\php2\public\index.php(46): App\Controller->action('Delete')
#2 {main}
[2017-06-25 13:47:26] App\Exceptions\NotFoundException: Метод не найден! in C:\OPENSERVER\www\profit\php2\protected\Controller.php:45
Stack trace:
#0 C:\OPENSERVER\www\profit\php2\public\index.php(46): App\Controller->action('Ones')
#1 {main}
[2017-06-25 13:47:52] App\Exceptions\NotFoundException: Метод не найден! in C:\OPENSERVER\www\profit\php2\protected\Controller.php:45
Stack trace:
#0 C:\OPENSERVER\www\profit\php2\public\index.php(46): App\Controller->action('Alls')
#1 {main}
[2017-06-25 14:00:16] App\Exceptions\DbException in C:\OPENSERVER\www\profit\php2\protected\Db.php:25
Stack trace:
#0 C:\OPENSERVER\www\profit\php2\protected\Models\Model.php(72): App\Db->__construct()
#1 C:\OPENSERVER\www\profit\php2\protected\Controllers\Admin\News.php(53): App\Models\Model::findById(47)
#2 C:\OPENSERVER\www\profit\php2\protected\Controller.php(43): App\Controllers\Admin\News->actionEdit()
#3 C:\OPENSERVER\www\profit\php2\public\index.php(46): App\Controller->action('Edit')
#4 {main}
[2017-06-25 14:00:55] App\Exceptions\DbException: SQLSTATE[HY000] [1049] Unknown database 'php22' in C:\OPENSERVER\www\profit\php2\protected\Db.php:25
Stack trace:
#0 C:\OPENSERVER\www\profit\php2\protected\Models\Model.php(72): App\Db->__construct()
#1 C:\OPENSERVER\www\profit\php2\protected\Controllers\Admin\News.php(53): App\Models\Model::findById(47)
#2 C:\OPENSERVER\www\profit\php2\protected\Controller.php(43): App\Controllers\Admin\News->actionEdit()
#3 C:\OPENSERVER\www\profit\php2\public\index.php(46): App\Controller->action('Edit')
#4 {main}
[2017-06-25 14:00:57] App\Exceptions\DbException: SQLSTATE[HY000] [1049] Unknown database 'php22' in C:\OPENSERVER\www\profit\php2\protected\Db.php:25
Stack trace:
#0 C:\OPENSERVER\www\profit\php2\protected\Models\Model.php(72): App\Db->__construct()
#1 C:\OPENSERVER\www\profit\php2\protected\Controllers\Admin\News.php(53): App\Models\Model::findById(47)
#2 C:\OPENSERVER\www\profit\php2\protected\Controller.php(43): App\Controllers\Admin\News->actionEdit()
#3 C:\OPENSERVER\www\profit\php2\public\index.php(46): App\Controller->action('Edit')
#4 {main}
